PRT1
46
96
4 0 17 (-32 6272 -128 ) (-32 6144 -128 ) (-32 6144 1984 ) (-32 6272 1984 ) 
4 0 8 (-32 6144 0 ) (-32 6144 -128 ) (256 6144 -128 ) (256 6144 0 ) 
4 0 5 (256 6144 1984 ) (-32 6144 1984 ) (-32 6144 1920 ) (256 6144 1920 ) 
4 0 4 (5632 6144 -128 ) (5632 6144 0 ) (256 6144 0 ) (256 6144 -128 ) 
4 0 2 (5632 6144 1920 ) (5632 6144 1984 ) (256 6144 1984 ) (256 6144 1920 ) 
4 1 9 (5760 -64 1984 ) (5632 -64 1984 ) (5632 -64 -128 ) (5760 -64 -128 ) 
4 1 4 (5632 6144 0 ) (5632 6144 -128 ) (5632 -64 -128 ) (5632 -64 0 ) 
4 1 2 (5632 6144 1984 ) (5632 6144 1920 ) (5632 -64 1920 ) (5632 -64 1984 ) 
4 2 10 (5632 -64 1920 ) (5632 -64 2048 ) (256 -64 2048 ) (256 -64 1920 ) 
4 2 5 (256 -64 1920 ) (256 -64 2048 ) (256 6144 2048 ) (256 6144 1920 ) 
4 3 11 (5632 -64 0 ) (5632 -64 1920 ) (256 -64 1920 ) (256 -64 0 ) 
4 3 7 (256 96 128 ) (256 6144 128 ) (256 6144 0 ) (256 96 0 ) 
4 3 6 (256 -64 128 ) (256 -64 1920 ) (256 6144 1920 ) (256 6144 128 ) 
4 4 12 (5632 -64 -128 ) (5632 -64 0 ) (256 -64 0 ) (256 -64 -128 ) 
4 4 8 (256 -64 -128 ) (256 -64 0 ) (256 6144 0 ) (256 6144 -128 ) 
4 5 18 (-32 -64 1920 ) (-32 -64 2048 ) (-32 6144 2048 ) (-32 6144 1920 ) 
4 5 13 (-32 -64 2048 ) (-32 -64 1920 ) (256 -64 1920 ) (256 -64 2048 ) 
4 6 19 (-32 -64 128 ) (-32 -64 1920 ) (-32 6144 1920 ) (-32 6144 128 ) 
4 6 15 (0 -64 128 ) (256 -64 128 ) (256 -64 320 ) (0 -64 320 ) 
4 6 14 (-32 -64 1920 ) (-32 -64 320 ) (256 -64 320 ) (256 -64 1920 ) 
4 6 7 (-32 6144 128 ) (256 6144 128 ) (256 96 128 ) (-32 186 128 ) 
4 7 20 (-32 186 128 ) (-32 6144 128 ) (-32 6144 0 ) (-32 186 0 ) 
4 8 21 (-32 -64 -128 ) (-32 -64 0 ) (-32 6144 0 ) (-32 6144 -128 ) 
4 8 16 (-32 -64 0 ) (-32 -64 -128 ) (256 -64 -128 ) (256 -64 0 ) 
4 9 26 (5760 -96 1984 ) (5632 -96 1984 ) (5632 -96 -128 ) (5760 -96 -128 ) 
4 9 12 (5632 -96 -128 ) (5632 -96 0 ) (5632 -64 0 ) (5632 -64 -128 ) 
4 9 10 (5632 -96 1920 ) (5632 -96 1984 ) (5632 -64 1984 ) (5632 -64 1920 ) 
4 10 27 (5632 -96 1920 ) (5632 -96 2048 ) (256 -96 2048 ) (256 -96 1920 ) 
4 10 13 (256 -64 2048 ) (256 -64 1920 ) (256 -96 1920 ) (256 -96 2048 ) 
4 11 28 (5632 -96 0 ) (5632 -96 1920 ) (256 -96 1920 ) (256 -96 0 ) 
4 11 15 (256 -64 320 ) (256 -64 128 ) (256 -96 128 ) (256 -96 320 ) 
4 11 14 (256 -64 1920 ) (256 -64 320 ) (256 -96 320 ) (256 -96 1920 ) 
4 12 29 (5632 -96 -128 ) (5632 -96 0 ) (256 -96 0 ) (256 -96 -128 ) 
4 12 16 (256 -64 0 ) (256 -64 -128 ) (256 -96 -128 ) (256 -96 0 ) 
4 13 30 (256 -96 1920 ) (256 -96 2048 ) (-32 -96 2048 ) (-32 -96 1920 ) 
4 13 18 (-32 -96 1920 ) (-32 -96 2048 ) (-32 -64 2048 ) (-32 -64 1920 ) 
4 14 31 (256 -96 320 ) (256 -96 1920 ) (-32 -96 1920 ) (-32 -96 320 ) 
4 14 19 (-32 -96 320 ) (-32 -96 1920 ) (-32 -64 1920 ) (-32 -64 320 ) 
4 14 15 (0 -64 320 ) (256 -64 320 ) (256 -96 320 ) (0 -96 320 ) 
4 15 31 (256 -96 128 ) (256 -96 320 ) (0 -96 320 ) (0 -96 128 ) 
4 16 35 (256 -96 -128 ) (256 -96 0 ) (-32 -96 0 ) (-32 -96 -128 ) 
4 16 21 (-32 -96 -128 ) (-32 -96 0 ) (-32 -64 0 ) (-32 -64 -128 ) 
4 17 24 (-5888 6144 0 ) (-5888 6144 -128 ) (-256 6144 -128 ) (-256 6144 0 ) 
4 17 22 (-256 6144 1984 ) (-5888 6144 1984 ) (-5888 6144 1920 ) (-256 6144 1920 ) 
4 17 21 (-32 6144 -128 ) (-32 6144 0 ) (-256 6144 0 ) (-256 6144 -128 ) 
4 17 18 (-32 6144 1920 ) (-32 6144 1984 ) (-256 6144 1984 ) (-256 6144 1920 ) 
4 18 30 (-32 -96 1920 ) (-32 -96 2048 ) (-256 -96 2048 ) (-256 -96 1920 ) 
4 18 22 (-256 6144 2048 ) (-256 6144 1920 ) (-256 -96 1920 ) (-256 -96 2048 ) 
4 19 31 (-32 -96 128 ) (-32 -96 1920 ) (-256 -96 1920 ) (-256 -96 128 ) 
4 19 23 (-256 6144 1920 ) (-256 6144 128 ) (-256 -96 128 ) (-256 -96 1920 ) 
4 19 20 (-256 6144 128 ) (-32 6144 128 ) (-32 186 128 ) (-256 256 128 ) 
4 20 23 (-256 6144 128 ) (-256 6144 0 ) (-256 256 0 ) (-256 256 128 ) 
4 21 35 (-32 -96 -128 ) (-32 -96 0 ) (-256 -96 0 ) (-256 -96 -128 ) 
4 21 24 (-256 6144 0 ) (-256 6144 -128 ) (-256 -96 -128 ) (-256 -96 0 ) 
4 22 41 (-256 -96 1920 ) (-256 -96 2048 ) (-5888 -96 2048 ) (-5888 -96 1920 ) 
4 22 25 (-5888 -96 1920 ) (-5888 -96 1984 ) (-5888 6144 1984 ) (-5888 6144 1920 ) 
4 23 42 (-256 -96 0 ) (-256 -96 1920 ) (-5888 -96 1920 ) (-5888 -96 0 ) 
4 24 43 (-256 -96 -128 ) (-256 -96 0 ) (-5888 -96 0 ) (-5888 -96 -128 ) 
4 24 25 (-5888 -96 -128 ) (-5888 -96 0 ) (-5888 6144 0 ) (-5888 6144 -128 ) 
4 25 44 (-5888 -96 -128 ) (-5888 -96 1984 ) (-6016 -96 1984 ) (-6016 -96 -128 ) 
4 26 36 (5760 -512 1984 ) (5632 -512 1984 ) (5632 -512 -128 ) (5760 -512 -128 ) 
4 26 29 (5632 -512 -128 ) (5632 -512 0 ) (5632 -96 0 ) (5632 -96 -128 ) 
4 26 27 (5632 -512 1920 ) (5632 -512 1984 ) (5632 -96 1984 ) (5632 -96 1920 ) 
4 27 37 (5632 -512 1920 ) (5632 -512 2048 ) (256 -512 2048 ) (256 -512 1920 ) 
4 27 30 (256 -96 2048 ) (256 -96 1920 ) (256 -512 1920 ) (256 -512 2048 ) 
4 28 38 (5632 -512 0 ) (5632 -512 1920 ) (256 -512 1920 ) (256 -512 0 ) 
4 28 32 (256 -288 0 ) (256 -512 0 ) (256 -512 128 ) (256 -288 128 ) 
4 28 31 (256 -96 1920 ) (256 -96 128 ) (256 -512 128 ) (256 -512 1920 ) 
4 29 39 (5632 -512 -128 ) (5632 -512 0 ) (256 -512 0 ) (256 -512 -128 ) 
4 29 35 (256 -96 0 ) (256 -96 -128 ) (256 -512 -128 ) (256 -512 0 ) 
4 30 41 (-256 -96 2048 ) (-256 -96 1920 ) (-256 -512 1920 ) (-256 -512 2048 ) 
4 30 37 (256 -512 1920 ) (256 -512 2048 ) (-256 -512 2048 ) (-256 -512 1920 ) 
4 31 42 (-256 -96 1920 ) (-256 -96 128 ) (-256 -512 128 ) (-256 -512 1920 ) 
4 31 38 (256 -512 128 ) (256 -512 1920 ) (-256 -512 1920 ) (-256 -512 128 ) 
3 31 33 (160 -448 128 ) (121.600000 -512 128 ) (32 -512 128 ) 
3 31 34 (-96 -512 128 ) (-256 -512 128 ) (-256 -432 128 ) 
3 31 32 (256 -288 128 ) (256 -512 128 ) (121.600000 -512 128 ) 
4 32 38 (256 -512 0 ) (256 -512 128 ) (121.600000 -512 128 ) (121.600000 -512 0 ) 
4 32 33 (160 -448 0 ) (121.600000 -512 0 ) (121.600000 -512 128 ) (160 -448 128 ) 
4 33 38 (121.600000 -512 128 ) (32 -512 128 ) (32 -512 0 ) (121.600000 -512 0 ) 
4 34 42 (-256 -432 0 ) (-256 -512 0 ) (-256 -512 128 ) (-256 -432 128 ) 
4 34 38 (-96 -512 128 ) (-256 -512 128 ) (-256 -512 0 ) (-96 -512 0 ) 
4 35 43 (-256 -96 0 ) (-256 -96 -128 ) (-256 -512 -128 ) (-256 -512 0 ) 
4 35 39 (256 -512 -128 ) (256 -512 0 ) (-256 -512 0 ) (-256 -512 -128 ) 
4 36 39 (5632 -6400 -128 ) (5632 -6400 0 ) (5632 -512 0 ) (5632 -512 -128 ) 
4 36 37 (5632 -6400 1920 ) (5632 -6400 1984 ) (5632 -512 1984 ) (5632 -512 1920 ) 
4 37 41 (-256 -6400 1920 ) (-256 -6400 2048 ) (-256 -512 2048 ) (-256 -512 1920 ) 
4 37 40 (-256 -6400 1984 ) (-256 -6400 1920 ) (5632 -6400 1920 ) (5632 -6400 1984 ) 
4 38 42 (-256 -6400 0 ) (-256 -6400 1920 ) (-256 -512 1920 ) (-256 -512 0 ) 
4 39 43 (-256 -6400 -128 ) (-256 -6400 0 ) (-256 -512 0 ) (-256 -512 -128 ) 
4 39 40 (-256 -6400 0 ) (-256 -6400 -128 ) (5632 -6400 -128 ) (5632 -6400 0 ) 
4 40 45 (-256 -6528 1984 ) (-256 -6400 1984 ) (-256 -6400 -128 ) (-256 -6528 -128 ) 
4 41 45 (-256 -6400 1920 ) (-256 -6400 1984 ) (-5888 -6400 1984 ) (-5888 -6400 1920 ) 
4 41 44 (-5888 -96 1984 ) (-5888 -96 1920 ) (-5888 -6400 1920 ) (-5888 -6400 1984 ) 
4 43 45 (-256 -6400 -128 ) (-256 -6400 0 ) (-5888 -6400 0 ) (-5888 -6400 -128 ) 
4 43 44 (-5888 -96 0 ) (-5888 -96 -128 ) (-5888 -6400 -128 ) (-5888 -6400 0 ) 
