PRT1
41
118
4 0 39 (704 -736 -176 ) (704 -736 800 ) (704 -720 800 ) (704 -720 -176 ) 
4 0 38 (704 672 -160 ) (704 672 -176 ) (704 -720 -176 ) (704 -720 -160 ) 
4 0 25 (704 672 -48 ) (704 672 -160 ) (704 -720 -160 ) (704 -720 -48 ) 
4 0 2 (704 -720 800 ) (704 672 800 ) (704 672 784 ) (704 -720 784 ) 
4 0 1 (704 672 800 ) (704 688 800 ) (704 688 -176 ) (704 672 -176 ) 
4 1 40 (-752 672 -176 ) (-752 672 800 ) (-752 688 800 ) (-752 688 -176 ) 
4 1 38 (704 672 -176 ) (704 672 -160 ) (-752 672 -160 ) (-752 672 -176 ) 
4 1 27 (178.285714 672 -48 ) (-752 672 -48 ) (-752 672 -160 ) (178.285714 672 -160 ) 
4 1 26 (390.857143 672 -48 ) (178.285714 672 -48 ) (178.285714 672 -160 ) (390.857143 672 -160 ) 
4 1 25 (704 672 -160 ) (704 672 -48 ) (390.857143 672 -48 ) (390.857143 672 -160 ) 
4 1 2 (704 672 784 ) (704 672 800 ) (-752 672 800 ) (-752 672 784 ) 
4 2 40 (-752 -720 784 ) (-752 -720 800 ) (-752 672 800 ) (-752 672 784 ) 
4 2 39 (-752 -720 800 ) (-752 -720 784 ) (704 -720 784 ) (704 -720 800 ) 
3 3 7 (144 320 96 ) (219.130435 345.043478 96 ) (240 272 96 ) 
3 3 8 (144 48 96 ) (67.200000 35.200000 96 ) (48 64 96 ) 
3 3 9 (-74.181818 247.272727 96 ) (48 288 96 ) (-16 160 96 ) 
4 3 10 (-752 -101.333333 96 ) (-752 21.333333 96 ) (-74.181818 247.272727 96 ) (67.200000 35.200000 96 ) 
4 3 6 (-752 21.333333 96 ) (-752 672 96 ) (125.714286 672 96 ) (219.130435 345.043478 96 ) 
3 3 5 (272 160 96 ) (296.727273 73.454545 96 ) (240 64 96 ) 
4 3 4 (125.714286 672 96 ) (704 672 96 ) (704 141.333333 96 ) (296.727273 73.454545 96 ) 
4 3 11 (704 -720 96 ) (-752 -720 96 ) (-752 -101.333333 96 ) (704 141.333333 96 ) 
4 4 15 (266.181818 364.363636 48 ) (288 288 48 ) (229.894737 307.368421 48 ) (216 356 48 ) 
4 4 14 (125.714286 672 48 ) (178.285714 672 48 ) (266.181818 364.363636 48 ) (216 356 48 ) 
3 4 13 (178.285714 672 48 ) (390.857143 672 48 ) (320 176 48 ) 
4 4 12 (390.857143 672 48 ) (704 672 48 ) (704 141.333333 48 ) (305.560976 74.926829 48 ) 
4 4 7 (219.130435 345.043478 48 ) (240 272 48 ) (240 272 96 ) (219.130435 345.043478 96 ) 
4 4 6 (125.714286 672 96 ) (125.714286 672 48 ) (219.130435 345.043478 48 ) (219.130435 345.043478 96 ) 
4 4 5 (272 160 48 ) (296.727273 73.454545 48 ) (296.727273 73.454545 96 ) (272 160 96 ) 
4 4 11 (704 141.333333 48 ) (704 141.333333 96 ) (296.727273 73.454545 96 ) (296.727273 73.454545 48 ) 
4 5 11 (296.727273 73.454545 96 ) (240 64 96 ) (240 64 48 ) (296.727273 73.454545 48 ) 
4 6 23 (-100 238.666667 48 ) (-117.818182 232.727273 48 ) (-112.941176 252.235294 48 ) (-80 272 48 ) 
3 6 24 (-117.818182 232.727273 48 ) (-180 212 48 ) (-112.941176 252.235294 48 ) 
4 6 17 (-752 21.333333 48 ) (-752 194.666667 48 ) (0 320 48 ) (-180 212 48 ) 
4 6 16 (96 336 48 ) (128 341.333333 48 ) (168 328 48 ) (160 325.333333 48 ) 
4 6 15 (128 341.333333 48 ) (216 356 48 ) (219.130435 345.043478 48 ) (168 328 48 ) 
4 6 14 (-752 194.666667 48 ) (-752 672 48 ) (125.714286 672 48 ) (216 356 48 ) 
4 6 7 (144 320 48 ) (219.130435 345.043478 48 ) (219.130435 345.043478 96 ) (144 320 96 ) 
4 6 9 (-74.181818 247.272727 48 ) (48 288 48 ) (48 288 96 ) (-74.181818 247.272727 96 ) 
4 6 10 (-752 21.333333 96 ) (-752 21.333333 48 ) (-74.181818 247.272727 48 ) (-74.181818 247.272727 96 ) 
3 7 16 (160 325.333333 48 ) (168 328 48 ) (192 320 48 ) 
3 7 15 (168 328 48 ) (219.130435 345.043478 48 ) (229.894737 307.368421 48 ) 
4 8 11 (144 48 96 ) (67.200000 35.200000 96 ) (67.200000 35.200000 48 ) (144 48 48 ) 
4 8 10 (67.200000 35.200000 48 ) (67.200000 35.200000 96 ) (48 64 96 ) (48 64 48 ) 
4 9 10 (-16 160 96 ) (-74.181818 247.272727 96 ) (-74.181818 247.272727 48 ) (-16 160 48 ) 
3 10 22 (-144 0 48 ) (-177.391304 -5.565217 48 ) (-160 64 48 ) 
3 10 23 (-117.818182 232.727273 48 ) (-100 238.666667 48 ) (-128 192 48 ) 
4 10 24 (-180 212 48 ) (-117.818182 232.727273 48 ) (-177.391304 -5.565217 48 ) (-683.076923 -89.846154 48 ) 
4 10 17 (-752 -101.333333 48 ) (-752 21.333333 48 ) (-180 212 48 ) (-683.076923 -89.846154 48 ) 
4 10 11 (67.200000 35.200000 96 ) (-752 -101.333333 96 ) (-752 -101.333333 48 ) (67.200000 35.200000 48 ) 
4 11 20 (256 -16 48 ) (133.176471 -220.705882 48 ) (30.139535 -158.883721 48 ) (144 -64 48 ) 
3 11 19 (48 -144 48 ) (30.139535 -158.883721 48 ) (-48 -112 48 ) 
3 11 21 (-23.529412 -481.882353 48 ) (-128 -64 48 ) (133.176471 -220.705882 48 ) 
4 11 18 (192 -720 48 ) (36 -720 48 ) (-23.529412 -481.882353 48 ) (304 64 48 ) 
4 11 22 (36 -720 48 ) (-356 -720 48 ) (-177.391304 -5.565217 48 ) (-144 0 48 ) 
5 11 24 (-356 -720 48 ) (-752 -720 48 ) (-752 -131.200000 48 ) (-683.076923 -89.846154 48 ) (-177.391304 -5.565217 48 ) 
3 11 17 (-752 -131.200000 48 ) (-752 -101.333333 48 ) (-683.076923 -89.846154 48 ) 
4 11 12 (704 -720 48 ) (192 -720 48 ) (305.560976 74.926829 48 ) (704 141.333333 48 ) 
4 12 18 (304 64 -48 ) (192 -720 -48 ) (192 -720 48 ) (304 64 48 ) 
4 12 13 (390.857143 672 -48 ) (320 176 -48 ) (320 176 48 ) (390.857143 672 48 ) 
4 13 15 (266.181818 364.363636 -48 ) (288 288 -48 ) (288 288 48 ) (266.181818 364.363636 48 ) 
4 13 14 (178.285714 672 48 ) (178.285714 672 -48 ) (266.181818 364.363636 -48 ) (266.181818 364.363636 48 ) 
4 14 17 (-752 194.666667 -48 ) (0 320 -48 ) (0 320 48 ) (-752 194.666667 48 ) 
4 14 16 (96 336 -48 ) (128 341.333333 -48 ) (128 341.333333 48 ) (96 336 48 ) 
4 14 15 (128 341.333333 -48 ) (266.181818 364.363636 -48 ) (266.181818 364.363636 48 ) (128 341.333333 48 ) 
4 15 16 (128 341.333333 -48 ) (192 320 -48 ) (192 320 48 ) (128 341.333333 48 ) 
4 17 23 (-112.941176 252.235294 -48 ) (-80 272 -48 ) (-80 272 48 ) (-112.941176 252.235294 48 ) 
4 17 24 (-752 -131.200000 48 ) (-752 -131.200000 -48 ) (-112.941176 252.235294 -48 ) (-112.941176 252.235294 48 ) 
4 18 20 (256 -16 -48 ) (133.176471 -220.705882 -48 ) (133.176471 -220.705882 48 ) (256 -16 48 ) 
4 18 21 (133.176471 -220.705882 -48 ) (-23.529412 -481.882353 -48 ) (-23.529412 -481.882353 48 ) (133.176471 -220.705882 48 ) 
4 18 22 (-23.529412 -481.882353 -48 ) (36 -720 -48 ) (36 -720 48 ) (-23.529412 -481.882353 48 ) 
4 19 20 (30.139535 -158.883721 -48 ) (48 -144 -48 ) (48 -144 48 ) (30.139535 -158.883721 48 ) 
4 19 21 (-48 -112 -48 ) (30.139535 -158.883721 -48 ) (30.139535 -158.883721 48 ) (-48 -112 48 ) 
4 20 21 (30.139535 -158.883721 -48 ) (133.176471 -220.705882 -48 ) (133.176471 -220.705882 48 ) (30.139535 -158.883721 48 ) 
4 21 22 (-128 -64 -48 ) (-23.529412 -481.882353 -48 ) (-23.529412 -481.882353 48 ) (-128 -64 48 ) 
4 22 24 (-160 64 -48 ) (-356 -720 -48 ) (-356 -720 48 ) (-160 64 48 ) 
4 23 24 (-112.941176 252.235294 -48 ) (-128 192 -48 ) (-128 192 48 ) (-112.941176 252.235294 48 ) 
4 25 39 (192 -720 -160 ) (704 -720 -160 ) (704 -720 -48 ) (192 -720 -48 ) 
4 25 38 (704 -720 -160 ) (192 -720 -160 ) (390.857143 672 -160 ) (704 672 -160 ) 
4 25 31 (304 64 -160 ) (192 -720 -160 ) (192 -720 -48 ) (304 64 -48 ) 
4 25 26 (390.857143 672 -48 ) (390.857143 672 -160 ) (320 176 -160 ) (320 176 -48 ) 
3 26 38 (178.285714 672 -160 ) (390.857143 672 -160 ) (320 176 -160 ) 
4 26 28 (266.181818 364.363636 -160 ) (288 288 -160 ) (288 288 -48 ) (266.181818 364.363636 -48 ) 
4 26 27 (178.285714 672 -160 ) (266.181818 364.363636 -160 ) (266.181818 364.363636 -48 ) (178.285714 672 -48 ) 
4 27 40 (-752 194.666667 -48 ) (-752 672 -48 ) (-752 672 -160 ) (-752 194.666667 -160 ) 
4 27 38 (-752 194.666667 -160 ) (-752 672 -160 ) (178.285714 672 -160 ) (266.181818 364.363636 -160 ) 
4 27 30 (-752 194.666667 -48 ) (-752 194.666667 -160 ) (0 320 -160 ) (0 320 -48 ) 
4 27 29 (96 336 -160 ) (128 341.333333 -160 ) (128 341.333333 -48 ) (96 336 -48 ) 
4 27 28 (128 341.333333 -160 ) (266.181818 364.363636 -160 ) (266.181818 364.363636 -48 ) (128 341.333333 -48 ) 
3 28 38 (128 341.333333 -160 ) (266.181818 364.363636 -160 ) (288 288 -160 ) 
4 28 29 (128 341.333333 -160 ) (192 320 -160 ) (192 320 -48 ) (128 341.333333 -48 ) 
3 29 38 (96 336 -160 ) (128 341.333333 -160 ) (192 320 -160 ) 
4 30 40 (-752 -131.200000 -48 ) (-752 194.666667 -48 ) (-752 194.666667 -160 ) (-752 -131.200000 -160 ) 
3 30 38 (-752 -131.200000 -160 ) (-752 194.666667 -160 ) (0 320 -160 ) 
4 30 36 (-112.941176 252.235294 -160 ) (-80 272 -160 ) (-80 272 -48 ) (-112.941176 252.235294 -48 ) 
4 30 37 (-752 -131.200000 -160 ) (-112.941176 252.235294 -160 ) (-112.941176 252.235294 -48 ) (-752 -131.200000 -48 ) 
4 31 39 (36 -720 -160 ) (192 -720 -160 ) (192 -720 -48 ) (36 -720 -48 ) 
4 31 38 (192 -720 -160 ) (36 -720 -160 ) (-23.529412 -481.882353 -160 ) (304 64 -160 ) 
4 31 33 (256 -16 -160 ) (133.176471 -220.705882 -160 ) (133.176471 -220.705882 -48 ) (256 -16 -48 ) 
4 31 34 (133.176471 -220.705882 -160 ) (-23.529412 -481.882353 -160 ) (-23.529412 -481.882353 -48 ) (133.176471 -220.705882 -48 ) 
4 31 35 (-23.529412 -481.882353 -160 ) (36 -720 -160 ) (36 -720 -48 ) (-23.529412 -481.882353 -48 ) 
3 32 38 (48 -144 -160 ) (30.139535 -158.883721 -160 ) (-48 -112 -160 ) 
4 32 33 (30.139535 -158.883721 -160 ) (48 -144 -160 ) (48 -144 -48 ) (30.139535 -158.883721 -48 ) 
4 32 34 (-48 -112 -160 ) (30.139535 -158.883721 -160 ) (30.139535 -158.883721 -48 ) (-48 -112 -48 ) 
4 33 38 (256 -16 -160 ) (133.176471 -220.705882 -160 ) (30.139535 -158.883721 -160 ) (144 -64 -160 ) 
4 33 34 (30.139535 -158.883721 -160 ) (133.176471 -220.705882 -160 ) (133.176471 -220.705882 -48 ) (30.139535 -158.883721 -48 ) 
3 34 38 (-23.529412 -481.882353 -160 ) (-128 -64 -160 ) (133.176471 -220.705882 -160 ) 
4 34 35 (-128 -64 -160 ) (-23.529412 -481.882353 -160 ) (-23.529412 -481.882353 -48 ) (-128 -64 -48 ) 
4 35 39 (-356 -720 -160 ) (36 -720 -160 ) (36 -720 -48 ) (-356 -720 -48 ) 
3 35 38 (36 -720 -160 ) (-356 -720 -160 ) (-160 64 -160 ) 
4 35 37 (-160 64 -160 ) (-356 -720 -160 ) (-356 -720 -48 ) (-160 64 -48 ) 
3 36 38 (-128 192 -160 ) (-112.941176 252.235294 -160 ) (-80 272 -160 ) 
4 36 37 (-112.941176 252.235294 -160 ) (-128 192 -160 ) (-128 192 -48 ) (-112.941176 252.235294 -48 ) 
4 37 40 (-752 -720 -160 ) (-752 -720 -48 ) (-752 -131.200000 -48 ) (-752 -131.200000 -160 ) 
4 37 39 (-752 -720 -48 ) (-752 -720 -160 ) (-356 -720 -160 ) (-356 -720 -48 ) 
4 37 38 (-356 -720 -160 ) (-752 -720 -160 ) (-752 -131.200000 -160 ) (-112.941176 252.235294 -160 ) 
4 38 40 (-752 -720 -176 ) (-752 -720 -160 ) (-752 672 -160 ) (-752 672 -176 ) 
4 38 39 (-752 -720 -160 ) (-752 -720 -176 ) (704 -720 -176 ) (704 -720 -160 ) 
4 39 40 (-752 -736 800 ) (-752 -720 800 ) (-752 -720 -176 ) (-752 -736 -176 ) 
