---- vis / ericw-tools v0.18.1-32-g6660c5f ----
fastvis = true
running with 4 threads
testlevel = 4
LoadBSPFile: 'menu.bsp'
BSP is version BSP2
    41 leafs
   118 portals
Calculating Base Vis:
0....1....2....3....4....5....6....7....8....9....
Calculating Full Vis:
WARNING: Leaf portals saw into leaf (0)
WARNING: Leaf portals saw into leaf (1)
WARNING: Leaf portals saw into leaf (2)
WARNING: Leaf portals saw into leaf (3)
WARNING: Leaf portals saw into leaf (4)
WARNING: Leaf portals saw into leaf (5)
WARNING: Leaf portals saw into leaf (6)
WARNING: Leaf portals saw into leaf (7)
WARNING: Leaf portals saw into leaf (8)
WARNING: Leaf portals saw into leaf (9)
WARNING: Leaf portals saw into leaf (10)
WARNING: Leaf portals saw into leaf (11)
WARNING: Leaf portals saw into leaf (12)
WARNING: Leaf portals saw into leaf (13)
WARNING: Leaf portals saw into leaf (14)
WARNING: Leaf portals saw into leaf (15)
WARNING: Leaf portals saw into leaf (16)
WARNING: Leaf portals saw into leaf (17)
WARNING: Leaf portals saw into leaf (18)
WARNING: Leaf portals saw into leaf (19)
WARNING: Leaf portals saw into leaf (20)
WARNING: Leaf portals saw into leaf (21)
WARNING: Leaf portals saw into leaf (22)
WARNING: Leaf portals saw into leaf (23)
WARNING: Leaf portals saw into leaf (24)
WARNING: Leaf portals saw into leaf (25)
WARNING: Leaf portals saw into leaf (26)
WARNING: Leaf portals saw into leaf (27)
WARNING: Leaf portals saw into leaf (28)
WARNING: Leaf portals saw into leaf (29)
WARNING: Leaf portals saw into leaf (30)
WARNING: Leaf portals saw into leaf (31)
WARNING: Leaf portals saw into leaf (32)
WARNING: Leaf portals saw into leaf (33)
WARNING: Leaf portals saw into leaf (34)
WARNING: Leaf portals saw into leaf (35)
WARNING: Leaf portals saw into leaf (36)
WARNING: Leaf portals saw into leaf (37)
WARNING: Leaf portals saw into leaf (38)
WARNING: Leaf portals saw into leaf (39)
WARNING: Leaf portals saw into leaf (40)
average leafs visible: 19
c_noclip: 0
c_chains: 0
visdatasize:246  compressed from 246
Writing menu.bsp as BSP version BSP2
  0.1 seconds elapsed
